<?xml version="1.0" encoding="UTF-8"?>
<!-- Generated by org.testng.reporters.JUnitXMLReporter -->
<testsuite ignored="2" hostname="LAPTOP-QNA3O4MF" failures="0" tests="1" name="Test" time="6.516" errors="0" timestamp="2025-05-09T19:13:49 IST">
  <testcase classname="testcases.TC002_LoginTest" name="verify_LoginTest" time="1.715"/>
  <testcase classname="testcases.TC003_LoginTestDataDrivenConcepts" name="verify_LoginTest" time="0.0">
    <ignored/>
  </testcase> <!-- verify_LoginTest -->
  <testcase classname="testcases.TC001_RegistrationTest" name="account_Registration" time="0.0">
    <ignored/>
  </testcase> <!-- account_Registration -->
</testsuite> <!-- Test -->
