<?xml version="1.0" encoding="UTF-8"?>
<!-- Generated by org.testng.reporters.JUnitXMLReporter -->
<testsuite ignored="0" hostname="LAPTOP-QNA3O4MF" failures="0" tests="4" name="Test" time="25.233" errors="0" timestamp="2025-05-12T19:00:39 IST">
  <testcase classname="testcases.TC001_RegistrationTest" name="account_Registration" time="3.453"/>
  <testcase classname="testcases.TC002_LoginTest" name="verify_LoginTest" time="2.03"/>
  <testcase classname="testcases.TC003_LoginTestDataDrivenConcepts" name="verify_LoginTest" time="2.664"/>
  <testcase classname="testcases.TC003_LoginTestDataDrivenConcepts" name="verify_LoginTest" time="2.667"/>
</testsuite> <!-- Test -->
