<?xml version="1.0" encoding="UTF-8"?>
<testng-results ignored="2" total="3" passed="1" failed="0" skipped="0">
  <reporter-output>
  </reporter-output>
  <suite started-at="2025-05-09T19:13:41 IST" name="Suite" finished-at="2025-05-09T19:13:48 IST" duration-ms="6516">
    <groups>
      <group name="Master">
        <method signature="TC002_LoginTest.verify_LoginTest()[pri:0, instance:testcases.TC002_LoginTest@6a03bcb1]" name="verify_LoginTest" class="testcases.TC002_LoginTest"/>
      </group> <!-- Master -->
      <group name="Sanity">
        <method signature="TC002_LoginTest.verify_LoginTest()[pri:0, instance:testcases.TC002_LoginTest@6a03bcb1]" name="verify_LoginTest" class="testcases.TC002_LoginTest"/>
      </group> <!-- Sanity -->
    </groups>
    <test started-at="2025-05-09T19:13:41 IST" name="Test" finished-at="2025-05-09T19:13:48 IST" duration-ms="6516">
      <class name="testcases.TC002_LoginTest">
        <test-method is-config="true" signature="setUp(java.lang.String)[pri:0, instance:testcases.TC002_LoginTest@6a03bcb1]" started-at="2025-05-09T19:13:41 IST" name="setUp" finished-at="2025-05-09T19:13:46 IST" duration-ms="4320" status="PASS">
          <params>
            <param index="0">
              <value>
                <![CDATA[chrome]]>
              </value>
            </param>
          </params>
          <reporter-output>
          </reporter-output>
        </test-method> <!-- setUp -->
        <test-method signature="verify_LoginTest()[pri:0, instance:testcases.TC002_LoginTest@6a03bcb1]" started-at="2025-05-09T19:13:46 IST" name="verify_LoginTest" finished-at="2025-05-09T19:13:47 IST" duration-ms="1715" status="PASS">
          <reporter-output>
          </reporter-output>
        </test-method> <!-- verify_LoginTest -->
        <test-method is-config="true" signature="tearDown()[pri:0, instance:testcases.TC002_LoginTest@6a03bcb1]" started-at="2025-05-09T19:13:47 IST" name="tearDown" finished-at="2025-05-09T19:13:48 IST" duration-ms="279" status="PASS">
          <reporter-output>
          </reporter-output>
        </test-method> <!-- tearDown -->
      </class> <!-- testcases.TC002_LoginTest -->
    </test> <!-- Test -->
  </suite> <!-- Suite -->
</testng-results>
